<?xml version="1.0" encoding="UTF-8"?>
<testsuite xmlns:xsi="http://www.w3.org/2001/XMLSchema-instance" xsi:noNamespaceSchemaLocation="https://maven.apache.org/surefire/maven-surefire-plugin/xsd/surefire-test-report.xsd" name="com.example.BankingSystemTest" time="0.044" tests="15" errors="0" skipped="0" failures="0">
  <properties>
[...]
</properties>
  <testcase name="testZeroWithdrawal" classname="com.example.BankingSystemTest" time="0"/>
  <testcase name="testTransactionHistory" classname="com.example.BankingSystemTest" time="0"/>
  <testcase name="testWithdrawalAfterMultipleDeposits" classname="com.example.BankingSystemTest" time="0"/>
  <testcase name="testLoginSuccess" classname="com.example.BankingSystemTest" time="0.002"/>
  <testcase name="testNegativeWithdraw" classname="com.example.BankingSystemTest" time="0"/>
  <testcase name="testLoginFailure" classname="com.example.BankingSystemTest" time="0.004"/>
  <testcase name="testWithdraw" classname="com.example.BankingSystemTest" time="0"/>
  <testcase name="testInitialBalance" classname="com.example.BankingSystemTest" time="0"/>
  <testcase name="testZeroDeposit" classname="com.example.BankingSystemTest" time="0.003"/>
  <testcase name="testMultipleWithdrawals" classname="com.example.BankingSystemTest" time="0.001"/>
  <testcase name="testAccountDetails" classname="com.example.BankingSystemTest" time="0.002"/>
  <testcase name="testDeposit" classname="com.example.BankingSystemTest" time="0.013"/>
  <testcase name="testNegativeDeposit" classname="com.example.BankingSystemTest" time="0.001"/>
  <testcase name="testMultipleDeposits" classname="com.example.BankingSystemTest" time="0.002"/>
  <testcase name="testOverWithdraw" classname="com.example.BankingSystemTest" time="0.003"/>
</testsuite>